This is pdfTeX, Version 3.14159265-2.6-1.40.19 (TeX Live 2018) (preloaded format=pdflatex 2018.4.16)  25 NOV 2018 12:21
entering extended mode
 restricted \write18 enabled.
 file:line:error style messages enabled.
 %&-line parsing enabled.
**HW3_Latex.tex
(./HW3_Latex.tex
LaTeX2e <2018-04-01> patch level 2
Babel <3.18> and hyphenation patterns for 84 language(s) loaded.
(/usr/local/texlive/2018/texmf-dist/tex/latex/base/article.cls
Document Class: article 2014/09/29 v1.4h Standard LaTeX document class
(/usr/local/texlive/2018/texmf-dist/tex/latex/base/size11.clo
File: size11.clo 2014/09/29 v1.4h Standard LaTeX file (size option)
)
\c@part=\count80
\c@section=\count81
\c@subsection=\count82
\c@subsubsection=\count83
\c@paragraph=\count84
\c@subparagraph=\count85
\c@figure=\count86
\c@table=\count87
\abovecaptionskip=\skip41
\belowcaptionskip=\skip42
\bibindent=\dimen102
)
(/usr/local/texlive/2018/texmf-dist/tex/latex/enumitem/enumitem.sty
Package: enumitem 2011/09/28 v3.5.2 Customized lists
\enitkv@toks@=\toks14
\labelindent=\skip43
\enit@outerparindent=\dimen103
\enit@toks=\toks15
\enit@inbox=\box26
\enitdp@description=\count88
)
(/usr/local/texlive/2018/texmf-dist/tex/latex/graphics/graphicx.sty
Package: graphicx 2017/06/01 v1.1a Enhanced LaTeX Graphics (DPC,SPQR)

(/usr/local/texlive/2018/texmf-dist/tex/latex/graphics/keyval.sty
Package: keyval 2014/10/28 v1.15 key=value parser (DPC)
\KV@toks@=\toks16
)
(/usr/local/texlive/2018/texmf-dist/tex/latex/graphics/graphics.sty
Package: graphics 2017/06/25 v1.2c Standard LaTeX Graphics (DPC,SPQR)

(/usr/local/texlive/2018/texmf-dist/tex/latex/graphics/trig.sty
Package: trig 2016/01/03 v1.10 sin cos tan (DPC)
)
(/usr/local/texlive/2018/texmf-dist/tex/latex/graphics-cfg/graphics.cfg
File: graphics.cfg 2016/06/04 v1.11 sample graphics configuration
)
Package graphics Info: Driver file: pdftex.def on input line 99.

(/usr/local/texlive/2018/texmf-dist/tex/latex/graphics-def/pdftex.def
File: pdftex.def 2018/01/08 v1.0l Graphics/color driver for pdftex
))
\Gin@req@height=\dimen104
\Gin@req@width=\dimen105
)
(/usr/local/texlive/2018/texmf-dist/tex/latex/xcolor/xcolor.sty
Package: xcolor 2016/05/11 v2.12 LaTeX color extensions (UK)

(/usr/local/texlive/2018/texmf-dist/tex/latex/graphics-cfg/color.cfg
File: color.cfg 2016/01/02 v1.6 sample color configuration
)
Package xcolor Info: Package option `usenames' ignored on input line 216.
Package xcolor Info: Driver file: pdftex.def on input line 225.

(/usr/local/texlive/2018/texmf-dist/tex/latex/colortbl/colortbl.sty
Package: colortbl 2012/02/13 v1.0a Color table columns (DPC)

(/usr/local/texlive/2018/texmf-dist/tex/latex/tools/array.sty
Package: array 2018/04/07 v2.4g Tabular extension package (FMi)
\col@sep=\dimen106
\ar@mcellbox=\box27
\extrarowheight=\dimen107
\NC@list=\toks17
\extratabsurround=\skip44
\backup@length=\skip45
\ar@cellbox=\box28
)
\everycr=\toks18
\minrowclearance=\skip46
)
\rownum=\count89
Package xcolor Info: Model `cmy' substituted by `cmy0' on input line 1348.
Package xcolor Info: Model `hsb' substituted by `rgb' on input line 1352.
Package xcolor Info: Model `RGB' extended on input line 1364.
Package xcolor Info: Model `HTML' substituted by `rgb' on input line 1366.
Package xcolor Info: Model `Hsb' substituted by `hsb' on input line 1367.
Package xcolor Info: Model `tHsb' substituted by `hsb' on input line 1368.
Package xcolor Info: Model `HSB' substituted by `hsb' on input line 1369.
Package xcolor Info: Model `Gray' substituted by `gray' on input line 1370.
Package xcolor Info: Model `wave' substituted by `hsb' on input line 1371.

(/usr/local/texlive/2018/texmf-dist/tex/latex/graphics/dvipsnam.def
File: dvipsnam.def 2016/06/17 v3.0m Driver-dependent file (DPC,SPQR)
)
(/usr/local/texlive/2018/texmf-dist/tex/latex/xcolor/svgnam.def
File: svgnam.def 2016/05/11 v2.12 Predefined colors according to SVG 1.1 (UK)
))
(./HW3_Latex.aux)
\openout1 = `HW3_Latex.aux'.

LaTeX Font Info:    Checking defaults for OML/cmm/m/it on input line 18.
LaTeX Font Info:    ... okay on input line 18.
LaTeX Font Info:    Checking defaults for T1/cmr/m/n on input line 18.
LaTeX Font Info:    ... okay on input line 18.
LaTeX Font Info:    Checking defaults for OT1/cmr/m/n on input line 18.
LaTeX Font Info:    ... okay on input line 18.
LaTeX Font Info:    Checking defaults for OMS/cmsy/m/n on input line 18.
LaTeX Font Info:    ... okay on input line 18.
LaTeX Font Info:    Checking defaults for OMX/cmex/m/n on input line 18.
LaTeX Font Info:    ... okay on input line 18.
LaTeX Font Info:    Checking defaults for U/cmr/m/n on input line 18.
LaTeX Font Info:    ... okay on input line 18.

(/usr/local/texlive/2018/texmf-dist/tex/context/base/mkii/supp-pdf.mkii
[Loading MPS to PDF converter (version 2006.09.02).]
\scratchcounter=\count90
\scratchdimen=\dimen108
\scratchbox=\box29
\nofMPsegments=\count91
\nofMParguments=\count92
\everyMPshowfont=\toks19
\MPscratchCnt=\count93
\MPscratchDim=\dimen109
\MPnumerator=\count94
\makeMPintoPDFobject=\count95
\everyMPtoPDFconversion=\toks20
) (/usr/local/texlive/2018/texmf-dist/tex/latex/oberdiek/epstopdf-base.sty
Package: epstopdf-base 2016/05/15 v2.6 Base part for package epstopdf

(/usr/local/texlive/2018/texmf-dist/tex/generic/oberdiek/infwarerr.sty
Package: infwarerr 2016/05/16 v1.4 Providing info/warning/error messages (HO)
)
(/usr/local/texlive/2018/texmf-dist/tex/latex/oberdiek/grfext.sty
Package: grfext 2016/05/16 v1.2 Manage graphics extensions (HO)

(/usr/local/texlive/2018/texmf-dist/tex/generic/oberdiek/kvdefinekeys.sty
Package: kvdefinekeys 2016/05/16 v1.4 Define keys (HO)

(/usr/local/texlive/2018/texmf-dist/tex/generic/oberdiek/ltxcmds.sty
Package: ltxcmds 2016/05/16 v1.23 LaTeX kernel commands for general use (HO)
)))
(/usr/local/texlive/2018/texmf-dist/tex/latex/oberdiek/kvoptions.sty
Package: kvoptions 2016/05/16 v3.12 Key value format for package options (HO)

(/usr/local/texlive/2018/texmf-dist/tex/generic/oberdiek/kvsetkeys.sty
Package: kvsetkeys 2016/05/16 v1.17 Key value parser (HO)

(/usr/local/texlive/2018/texmf-dist/tex/generic/oberdiek/etexcmds.sty
Package: etexcmds 2016/05/16 v1.6 Avoid name clashes with e-TeX commands (HO)

(/usr/local/texlive/2018/texmf-dist/tex/generic/oberdiek/ifluatex.sty
Package: ifluatex 2016/05/16 v1.4 Provides the ifluatex switch (HO)
Package ifluatex Info: LuaTeX not detected.
)
Package etexcmds Info: Could not find \expanded.
(etexcmds)             That can mean that you are not using pdfTeX 1.50 or
(etexcmds)             that some package has redefined \expanded.
(etexcmds)             In the latter case, load this package earlier.
)))
(/usr/local/texlive/2018/texmf-dist/tex/generic/oberdiek/pdftexcmds.sty
Package: pdftexcmds 2018/01/30 v0.27 Utility functions of pdfTeX for LuaTeX (HO
)

(/usr/local/texlive/2018/texmf-dist/tex/generic/oberdiek/ifpdf.sty
Package: ifpdf 2017/03/15 v3.2 Provides the ifpdf switch
)
Package pdftexcmds Info: LuaTeX not detected.
Package pdftexcmds Info: \pdf@primitive is available.
Package pdftexcmds Info: \pdf@ifprimitive is available.
Package pdftexcmds Info: \pdfdraftmode found.
)
Package epstopdf-base Info: Redefining graphics rule for `.eps' on input line 4
38.
Package grfext Info: Graphics extension search list:
(grfext)             [.pdf,.png,.jpg,.mps,.jpeg,.jbig2,.jb2,.PDF,.PNG,.JPG,.JPE
G,.JBIG2,.JB2,.eps]
(grfext)             \AppendGraphicsExtensions on input line 456.

(/usr/local/texlive/2018/texmf-dist/tex/latex/latexconfig/epstopdf-sys.cfg
File: epstopdf-sys.cfg 2010/07/13 v1.3 Configuration of (r)epstopdf for TeX Liv
e
))
[1

{/usr/local/texlive/2018/texmf-var/fonts/map/pdftex/updmap/pdftex.map}]
LaTeX Font Info:    External font `cmex10' loaded for size
(Font)              <12> on input line 22.
LaTeX Font Info:    External font `cmex10' loaded for size
(Font)              <8> on input line 22.
LaTeX Font Info:    External font `cmex10' loaded for size
(Font)              <6> on input line 22.


LaTeX Warning: No \author given.

LaTeX Font Info:    External font `cmex10' loaded for size
(Font)              <10.95> on input line 64.
<1a.png, id=7, 578.16pt x 433.62pt>
File: 1a.png Graphic file (type png)
<use 1a.png>
Package pdftex.def Info: 1a.png  used on input line 64.
(pdftex.def)             Requested size: 284.52756pt x 213.39536pt.
<1b.png, id=9, 578.16pt x 433.62pt>
File: 1b.png Graphic file (type png)
<use 1b.png>
Package pdftex.def Info: 1b.png  used on input line 64.
(pdftex.def)             Requested size: 284.52756pt x 213.39536pt.

LaTeX Warning: `!h' float specifier changed to `!ht'.

<1c.png, id=10, 578.16pt x 433.62pt>
File: 1c.png Graphic file (type png)
<use 1c.png>
Package pdftex.def Info: 1c.png  used on input line 64.
(pdftex.def)             Requested size: 284.52756pt x 213.39536pt.

LaTeX Warning: `!h' float specifier changed to `!ht'.

<1d.png, id=11, 578.16pt x 433.62pt>
File: 1d.png Graphic file (type png)
<use 1d.png>
Package pdftex.def Info: 1d.png  used on input line 64.
(pdftex.def)             Requested size: 284.52756pt x 213.39536pt.

LaTeX Warning: `!h' float specifier changed to `!ht'.

<1e.png, id=12, 578.16pt x 433.62pt>
File: 1e.png Graphic file (type png)
<use 1e.png>
Package pdftex.def Info: 1e.png  used on input line 64.
(pdftex.def)             Requested size: 284.52756pt x 213.39536pt.

LaTeX Warning: `!h' float specifier changed to `!ht'.

[2 <./1a.png>] [3 <./1b.png> <./1c.png>] [4 <./1d.png> <./1e.png>] [5] [6]
<4a.png, id=42, 670.505pt x 281.05pt>
File: 4a.png Graphic file (type png)
<use 4a.png>
Package pdftex.def Info: 4a.png  used on input line 154.
(pdftex.def)             Requested size: 284.52756pt x 119.2624pt.
<4b.png, id=43, 460.72125pt x 228.855pt>
File: 4b.png Graphic file (type png)
<use 4b.png>
Package pdftex.def Info: 4b.png  used on input line 167.
(pdftex.def)             Requested size: 284.52756pt x 141.33339pt.

[7 <./4a.png> <./4b.png>]
<4d.png, id=50, 687.56876pt x 104.39pt>
File: 4d.png Graphic file (type png)
<use 4d.png>
Package pdftex.def Info: 4d.png  used on input line 181.
(pdftex.def)             Requested size: 284.52756pt x 43.19838pt.
 [8 <./4d.png>]
<4_2a.png, id=55, 653.44125pt x 200.75pt>
File: 4_2a.png Graphic file (type png)
<use 4_2a.png>
Package pdftex.def Info: 4_2a.png  used on input line 214.
(pdftex.def)             Requested size: 284.52756pt x 87.4113pt.
<42b.png, id=56, 570.13pt x 198.7425pt>
File: 42b.png Graphic file (type png)
<use 42b.png>
Package pdftex.def Info: 42b.png  used on input line 230.
(pdftex.def)             Requested size: 284.52756pt x 99.18297pt.
 [9 <./4_2a.png> <./42b.png>]
<42c.png, id=62, 462.72874pt x 205.76875pt>
File: 42c.png Graphic file (type png)
<use 42c.png>
Package pdftex.def Info: 42c.png  used on input line 244.
(pdftex.def)             Requested size: 284.52756pt x 126.52661pt.
 [10 <./42c.png>] [11]
<43a.png, id=70, 710.655pt x 280.04625pt>
File: 43a.png Graphic file (type png)
<use 43a.png>
Package pdftex.def Info: 43a.png  used on input line 302.
(pdftex.def)             Requested size: 284.52756pt x 112.12334pt.
<43b.png, id=71, 746.79pt x 108.405pt>
File: 43b.png Graphic file (type png)
<use 43b.png>
Package pdftex.def Info: 43b.png  used on input line 314.
(pdftex.def)             Requested size: 284.52756pt x 41.30183pt.
 [12 <./43a.png> <./43b.png>] (./HW3_Latex.aux) ) 
Here is how much of TeX's memory you used:
 2557 strings out of 492649
 36230 string characters out of 6129622
 115029 words of memory out of 5000000
 6399 multiletter control sequences out of 15000+600000
 8504 words of font info for 30 fonts, out of 8000000 for 9000
 1141 hyphenation exceptions out of 8191
 41i,11n,35p,666b,390s stack positions out of 5000i,500n,10000p,200000b,80000s
</usr/local/texlive/2018/texmf
-dist/fonts/type1/public/amsfonts/cm/cmbx10.pfb></usr/local/texlive/2018/texmf-
dist/fonts/type1/public/amsfonts/cm/cmbx12.pfb></usr/local/texlive/2018/texmf-d
ist/fonts/type1/public/amsfonts/cm/cmex10.pfb></usr/local/texlive/2018/texmf-di
st/fonts/type1/public/amsfonts/cm/cmmi10.pfb></usr/local/texlive/2018/texmf-dis
t/fonts/type1/public/amsfonts/cm/cmmi8.pfb></usr/local/texlive/2018/texmf-dist/
fonts/type1/public/amsfonts/cm/cmr10.pfb></usr/local/texlive/2018/texmf-dist/fo
nts/type1/public/amsfonts/cm/cmr17.pfb></usr/local/texlive/2018/texmf-dist/font
s/type1/public/amsfonts/cm/cmr8.pfb></usr/local/texlive/2018/texmf-dist/fonts/t
ype1/public/amsfonts/cm/cmsy10.pfb></usr/local/texlive/2018/texmf-dist/fonts/ty
pe1/public/amsfonts/cm/cmsy8.pfb>
Output written on HW3_Latex.pdf (12 pages, 536750 bytes).
PDF statistics:
 110 PDF objects out of 1000 (max. 8388607)
 59 compressed objects within 1 object stream
 0 named destinations out of 1000 (max. 500000)
 66 words of extra memory for PDF output out of 10000 (max. 10000000)

